<?xml version="1.0" encoding="UTF-8"?>
<!-- Generated by org.testng.reporters.JUnitReportReporter -->
<testsuite hostname="SFT34" failures="0" tests="1" name="test_cases.End_to_End" time="30.584" errors="0" timestamp="2024-03-29T18:08:39 IST" skipped="0">
  <testcase classname="test_cases.End_to_End" name="addingUserforEmployee" time="30.584"/>
</testsuite> <!-- test_cases.End_to_End -->
