<?xml version="1.0" encoding="UTF-8"?>
<!-- Generated by org.testng.reporters.JUnitReportReporter -->
<testsuite hostname="SFT34" failures="0" tests="1" name="test_cases.Test_case_2" time="10.282" errors="0" timestamp="2024-03-28T18:14:23 IST" skipped="0">
  <testcase classname="test_cases.Test_case_2" name="addingEmployee" time="10.282"/>
</testsuite> <!-- test_cases.Test_case_2 -->
