<?xml version="1.0" encoding="UTF-8"?>
<!-- Generated by org.testng.reporters.JUnitReportReporter -->
<testsuite hostname="SFT34" failures="0" tests="1" name="test_cases.Test_case_1" time="2.026" errors="0" timestamp="2024-04-04T11:09:51 IST" skipped="0">
  <testcase classname="test_cases.Test_case_1" name="login" time="2.026"/>
</testsuite> <!-- test_cases.Test_case_1 -->
